Caught exception: Error: Could not read device content. Device '28-0119140ee870' not found
1645955139428 – Caught exception: Error: Could not read device content. Device '28-0119140ee870' not found
1646007314904 – Caught exception: Error: Could not read device content. Device '28-0119140ee870' not found
1646945487310 – Caught exception: Error: SQLITE_ERROR: table calendar_phases has no column named minTemp
1646945619052 – Caught exception: Error: SQLITE_ERROR: near ")": syntax error
1646945762197 – Caught exception: Error: SQLITE_ERROR: near ")": syntax error
1646946004363 – Caught exception: Error: SQLITE_ERROR: near ")": syntax error
1646946163206 – Caught exception: Error: SQLITE_ERROR: near ")": syntax error
1646947839413 – Unhandled Rejection at Promise: [object Promise]
1646948374744 – Unhandled Rejection at Promise: [object Promise]
1646948474757 – Unhandled Rejection at Promise: [object Promise]
1646985094967 – Unhandled Rejection at Promise: [object Promise]
1646986374561 – Caught exception: Error: SQLITE_ERROR: no such table: workers_log
1646991669644 – Unhandled Rejection at Promise: [object Promise]
1647016180757 – Unhandled Rejection at Promise: [object Promise]
1647016180757 – Unhandled Rejection at Promise: [object Promise]
1647016180757 – Unhandled Rejection at Promise: [object Promise]
1647016180757 – Unhandled Rejection at Promise: [object Promise]
1647016180757 – Unhandled Rejection at Promise: [object Promise]
1647016180757 – Unhandled Rejection at Promise: [object Promise]
1647016180757 – Unhandled Rejection at Promise: [object Promise]
1647016180757 – Unhandled Rejection at Promise: [object Promise]
1647016180757 – Unhandled Rejection at Promise: [object Promise]
1647016180757 – Unhandled Rejection at Promise: [object Promise]
1647016180757 – Unhandled Rejection at Promise: [object Promise]
1647016180757 – Unhandled Rejection at Promise: [object Promise]
1647016180757 – Unhandled Rejection at Promise: [object Promise]
1647016180757 – Unhandled Rejection at Promise: [object Promise]
1647016180757 – Unhandled Rejection at Promise: [object Promise]
1647016180757 – Unhandled Rejection at Promise: [object Promise]
1647016180757 – Unhandled Rejection at Promise: [object Promise]
1647016180757 – Unhandled Rejection at Promise: [object Promise]
1647016180757 – Unhandled Rejection at Promise: [object Promise]
1647016180757 – Unhandled Rejection at Promise: [object Promise]
1647016180757 – Unhandled Rejection at Promise: [object Promise]
1647016180757 – Unhandled Rejection at Promise: [object Promise]
1647016180757 – Unhandled Rejection at Promise: [object Promise]
1647016180757 – Unhandled Rejection at Promise: [object Promise]
1647016180757 – Unhandled Rejection at Promise: [object Promise]
1647016180757 – Unhandled Rejection at Promise: [object Promise]
1647016180757 – Unhandled Rejection at Promise: [object Promise]
1647036638022 – Unhandled Rejection at Promise: [object Promise]
1647036968645 – Unhandled Rejection at Promise: [object Promise]
1647036968645 – Unhandled Rejection at Promise: [object Promise]
1647036968645 – Unhandled Rejection at Promise: [object Promise]
1647037065401 – Unhandled Rejection at Promise: [object Promise]
1647037129066 – Unhandled Rejection at Promise: [object Promise]
1647037288781 – Unhandled Rejection at Promise: [object Promise]
1647037288781 – Unhandled Rejection at Promise: [object Promise]
1647037288781 – Unhandled Rejection at Promise: [object Promise]
1647037288781 – Unhandled Rejection at Promise: [object Promise]
1647037288781 – Unhandled Rejection at Promise: [object Promise]
1647037288781 – Unhandled Rejection at Promise: [object Promise]
1647037288781 – Unhandled Rejection at Promise: [object Promise]
1647037288781 – Unhandled Rejection at Promise: [object Promise]
1647037288781 – Unhandled Rejection at Promise: [object Promise]
1647037288781 – Unhandled Rejection at Promise: [object Promise]
1647037288781 – Unhandled Rejection at Promise: [object Promise]
1647038499719 – Unhandled Rejection at Promise: [object Promise]
1647038499719 – Unhandled Rejection at Promise: [object Promise]
1647038499719 – Unhandled Rejection at Promise: [object Promise]
1647038916274 – Unhandled Rejection at Promise: [object Promise]
1647178749826 – Unhandled Rejection at Promise: [object Promise]
1647179446572 – Unhandled Rejection at Promise: [object Promise]
1647179446572 – Unhandled Rejection at Promise: [object Promise]
1647179446572 – Unhandled Rejection at Promise: [object Promise]
1647179446572 – Unhandled Rejection at Promise: [object Promise]
1647179446572 – Unhandled Rejection at Promise: [object Promise]
1647179446572 – Unhandled Rejection at Promise: [object Promise]
1647179446572 – Unhandled Rejection at Promise: [object Promise]
1647179446572 – Unhandled Rejection at Promise: [object Promise]
1647179446572 – Unhandled Rejection at Promise: [object Promise]
1647179446572 – Unhandled Rejection at Promise: [object Promise]
1647179446572 – Unhandled Rejection at Promise: [object Promise]
1647179446572 – Unhandled Rejection at Promise: [object Promise]
1647179446572 – Unhandled Rejection at Promise: [object Promise]
1647179446572 – Unhandled Rejection at Promise: [object Promise]
1647343743474 – Unhandled Rejection at Promise: [object Promise]
1647343743474 – Unhandled Rejection at Promise: [object Promise]
1647343743474 – Unhandled Rejection at Promise: [object Promise]
1647343743474 – Unhandled Rejection at Promise: [object Promise]
1647343743474 – Unhandled Rejection at Promise: [object Promise]
1647343743474 – Unhandled Rejection at Promise: [object Promise]
1647343743474 – Unhandled Rejection at Promise: [object Promise]
1647343743474 – Unhandled Rejection at Promise: [object Promise]
1647343743474 – Unhandled Rejection at Promise: [object Promise]
1647343743474 – Unhandled Rejection at Promise: [object Promise]
1647343743474 – Unhandled Rejection at Promise: [object Promise]
1647343743474 – Unhandled Rejection at Promise: [object Promise]
1647343743474 – Unhandled Rejection at Promise: [object Promise]
1647343743474 – Unhandled Rejection at Promise: [object Promise]
1647343743474 – Unhandled Rejection at Promise: [object Promise]
1647343743474 – Unhandled Rejection at Promise: [object Promise]
1647343743474 – Unhandled Rejection at Promise: [object Promise]
1647343743474 – Unhandled Rejection at Promise: [object Promise]
1647343743474 – Unhandled Rejection at Promise: [object Promise]
1647343743474 – Unhandled Rejection at Promise: [object Promise]
1647343743474 – Unhandled Rejection at Promise: [object Promise]
1647343743474 – Unhandled Rejection at Promise: [object Promise]
1647343743474 – Unhandled Rejection at Promise: [object Promise]
1647343743474 – Unhandled Rejection at Promise: [object Promise]
1647343743474 – Unhandled Rejection at Promise: [object Promise]
1647343743474 – Unhandled Rejection at Promise: [object Promise]
1647343743474 – Unhandled Rejection at Promise: [object Promise]
1647343743474 – Unhandled Rejection at Promise: [object Promise]
1647343743474 – Unhandled Rejection at Promise: [object Promise]
1647343743474 – Unhandled Rejection at Promise: [object Promise]
1647343743474 – Unhandled Rejection at Promise: [object Promise]
1647343743474 – Unhandled Rejection at Promise: [object Promise]
1647343743474 – Unhandled Rejection at Promise: [object Promise]
1647343743474 – Unhandled Rejection at Promise: [object Promise]
1647343743474 – Unhandled Rejection at Promise: [object Promise]
1647343743474 – Unhandled Rejection at Promise: [object Promise]
1647343743474 – Unhandled Rejection at Promise: [object Promise]
1647343743474 – Unhandled Rejection at Promise: [object Promise]
1647343743474 – Unhandled Rejection at Promise: [object Promise]
1647343743474 – Unhandled Rejection at Promise: [object Promise]
1647343743474 – Unhandled Rejection at Promise: [object Promise]
1647343743474 – Unhandled Rejection at Promise: [object Promise]
1647343743474 – Unhandled Rejection at Promise: [object Promise]
1647343743474 – Unhandled Rejection at Promise: [object Promise]
1647343743474 – Unhandled Rejection at Promise: [object Promise]
1647343743474 – Unhandled Rejection at Promise: [object Promise]
1647343743474 – Unhandled Rejection at Promise: [object Promise]
1647343743474 – Unhandled Rejection at Promise: [object Promise]
1647343743474 – Unhandled Rejection at Promise: [object Promise]
1647343743474 – Unhandled Rejection at Promise: [object Promise]
1647343743474 – Unhandled Rejection at Promise: [object Promise]
1647343743474 – Unhandled Rejection at Promise: [object Promise]
1647343743474 – Unhandled Rejection at Promise: [object Promise]
1647343743474 – Unhandled Rejection at Promise: [object Promise]
1647343743474 – Unhandled Rejection at Promise: [object Promise]
1647343743474 – Unhandled Rejection at Promise: [object Promise]
1647343743474 – Unhandled Rejection at Promise: [object Promise]
1647343743474 – Unhandled Rejection at Promise: [object Promise]
1647343743474 – Unhandled Rejection at Promise: [object Promise]
1647343743474 – Unhandled Rejection at Promise: [object Promise]
1647343743474 – Unhandled Rejection at Promise: [object Promise]
1647343743474 – Unhandled Rejection at Promise: [object Promise]
1647343743474 – Unhandled Rejection at Promise: [object Promise]
1647343743474 – Unhandled Rejection at Promise: [object Promise]
1647343743474 – Unhandled Rejection at Promise: [object Promise]
1647343743474 – Unhandled Rejection at Promise: [object Promise]
1647343743474 – Unhandled Rejection at Promise: [object Promise]
1647343743474 – Unhandled Rejection at Promise: [object Promise]
1647343743474 – Unhandled Rejection at Promise: [object Promise]
1647343743474 – Unhandled Rejection at Promise: [object Promise]
1647343743474 – Unhandled Rejection at Promise: [object Promise]
1647343743474 – Unhandled Rejection at Promise: [object Promise]
1647343743474 – Unhandled Rejection at Promise: [object Promise]
1647343743474 – Unhandled Rejection at Promise: [object Promise]
1647343743474 – Unhandled Rejection at Promise: [object Promise]
1647343743474 – Unhandled Rejection at Promise: [object Promise]
1647343743474 – Unhandled Rejection at Promise: [object Promise]
1647343743474 – Unhandled Rejection at Promise: [object Promise]
1647343743474 – Unhandled Rejection at Promise: [object Promise]
1647343743474 – Unhandled Rejection at Promise: [object Promise]
1647343743474 – Unhandled Rejection at Promise: [object Promise]
1647343743474 – Unhandled Rejection at Promise: [object Promise]
1647343743474 – Unhandled Rejection at Promise: [object Promise]
1647343743474 – Unhandled Rejection at Promise: [object Promise]
1647343743474 – Unhandled Rejection at Promise: [object Promise]
1647343743474 – Unhandled Rejection at Promise: [object Promise]
1647424695634 – Unhandled Rejection at Promise: [object Promise]
1647424695634 – Unhandled Rejection at Promise: [object Promise]
1647424695634 – Unhandled Rejection at Promise: [object Promise]
1647424695634 – Unhandled Rejection at Promise: [object Promise]
1647424695634 – Unhandled Rejection at Promise: [object Promise]
1647424695634 – Unhandled Rejection at Promise: [object Promise]
1647424695634 – Unhandled Rejection at Promise: [object Promise]
1647446985786 – Unhandled Rejection at Promise: [object Promise]
1647447131944 – Unhandled Rejection at Promise: [object Promise]
1647447253892 – Unhandled Rejection at Promise: [object Promise]
1647447388227 – Unhandled Rejection at Promise: [object Promise]
1647447845489 – Unhandled Rejection at Promise: [object Promise]
1647447910234 – Unhandled Rejection at Promise: [object Promise]
1647447963827 – Unhandled Rejection at Promise: [object Promise]
1647447963827 – Unhandled Rejection at Promise: [object Promise]
1647448508859 – Unhandled Rejection at Promise: [object Promise]
1647448612285 – Unhandled Rejection at Promise: [object Promise]
1647448750457 – Unhandled Rejection at Promise: [object Promise]
1647448851360 – Unhandled Rejection at Promise: [object Promise]
1647448903397 – Unhandled Rejection at Promise: [object Promise]
1647449189596 – Unhandled Rejection at Promise: [object Promise]
1647449189596 – Unhandled Rejection at Promise: [object Promise]
1647450764303 – Caught exception: Error: listen EADDRINUSE: address already in use :::8084
1647450810692 – Caught exception: Error: listen EADDRINUSE: address already in use :::8084
1647452207826 – Caught exception: Error: listen EADDRINUSE: address already in use :::8084
1647452698986 – Unhandled Rejection at Promise: [object Promise]
1647452698986 – Caught exception: Error: write EIO
1647474477126 – Unhandled Rejection at Promise: [object Promise]
1647474477126 – Unhandled Rejection at Promise: [object Promise]
1647474477126 – Unhandled Rejection at Promise: [object Promise]
1647474477126 – Unhandled Rejection at Promise: [object Promise]
1647474477126 – Unhandled Rejection at Promise: [object Promise]
1647474477126 – Unhandled Rejection at Promise: [object Promise]
1647474477126 – Unhandled Rejection at Promise: [object Promise]
1647474477126 – Unhandled Rejection at Promise: [object Promise]
1647474574288 – Unhandled Rejection at Promise: [object Promise]
1647474574288 – Unhandled Rejection at Promise: [object Promise]
1647474574288 – Unhandled Rejection at Promise: [object Promise]
1647475323788 – Unhandled Rejection at Promise: [object Promise]
1647475323788 – Unhandled Rejection at Promise: [object Promise]
1647475323788 – Unhandled Rejection at Promise: [object Promise]
1647475323788 – Unhandled Rejection at Promise: [object Promise]
1647477442262 – Unhandled Rejection at Promise: [object Promise]
1647477442262 – Unhandled Rejection at Promise: [object Promise]
1647477442262 – Unhandled Rejection at Promise: [object Promise]
1647477442262 – Unhandled Rejection at Promise: [object Promise]
1647477442262 – Unhandled Rejection at Promise: [object Promise]
1647477442262 – Unhandled Rejection at Promise: [object Promise]
1647477442262 – Unhandled Rejection at Promise: [object Promise]
1647477442262 – Unhandled Rejection at Promise: [object Promise]
1647477442262 – Unhandled Rejection at Promise: [object Promise]
1647477442262 – Unhandled Rejection at Promise: [object Promise]
1647477442262 – Unhandled Rejection at Promise: [object Promise]
1647477442262 – Unhandled Rejection at Promise: [object Promise]
1647477442262 – Unhandled Rejection at Promise: [object Promise]
1647477442262 – Unhandled Rejection at Promise: [object Promise]
1647477442262 – Unhandled Rejection at Promise: [object Promise]
1647477442262 – Unhandled Rejection at Promise: [object Promise]
1647477442262 – Unhandled Rejection at Promise: [object Promise]
1647477442262 – Unhandled Rejection at Promise: [object Promise]
1647477442262 – Unhandled Rejection at Promise: [object Promise]
1647477442262 – Unhandled Rejection at Promise: [object Promise]
1647477442262 – Unhandled Rejection at Promise: [object Promise]
1647477442262 – Unhandled Rejection at Promise: [object Promise]
1647477442262 – Unhandled Rejection at Promise: [object Promise]
1647477442262 – Unhandled Rejection at Promise: [object Promise]
1647477442262 – Unhandled Rejection at Promise: [object Promise]
1647477442262 – Unhandled Rejection at Promise: [object Promise]
1647477442262 – Unhandled Rejection at Promise: [object Promise]
1647477442262 – Unhandled Rejection at Promise: [object Promise]
1647477442262 – Unhandled Rejection at Promise: [object Promise]
1647477442262 – Unhandled Rejection at Promise: [object Promise]
1647477442262 – Unhandled Rejection at Promise: [object Promise]
1647477442262 – Unhandled Rejection at Promise: [object Promise]
1647477442262 – Unhandled Rejection at Promise: [object Promise]
1647477442262 – Unhandled Rejection at Promise: [object Promise]
1647477442262 – Unhandled Rejection at Promise: [object Promise]
1647477442262 – Unhandled Rejection at Promise: [object Promise]
1647477442262 – Unhandled Rejection at Promise: [object Promise]
1647477442262 – Unhandled Rejection at Promise: [object Promise]
1647477442262 – Unhandled Rejection at Promise: [object Promise]
1647477442262 – Unhandled Rejection at Promise: [object Promise]
1647477442262 – Unhandled Rejection at Promise: [object Promise]
1647477442262 – Unhandled Rejection at Promise: [object Promise]
1647477442262 – Unhandled Rejection at Promise: [object Promise]
1647477442262 – Unhandled Rejection at Promise: [object Promise]
1647477442262 – Unhandled Rejection at Promise: [object Promise]
1647477442262 – Unhandled Rejection at Promise: [object Promise]
1647477442262 – Unhandled Rejection at Promise: [object Promise]
1647477442262 – Unhandled Rejection at Promise: [object Promise]
1647477442262 – Unhandled Rejection at Promise: [object Promise]
1647477442262 – Unhandled Rejection at Promise: [object Promise]
1647477442262 – Unhandled Rejection at Promise: [object Promise]
1647477442262 – Unhandled Rejection at Promise: [object Promise]
1647477442262 – Unhandled Rejection at Promise: [object Promise]
1647477442262 – Unhandled Rejection at Promise: [object Promise]
1647477442262 – Unhandled Rejection at Promise: [object Promise]
1647477442262 – Unhandled Rejection at Promise: [object Promise]
1647477442262 – Unhandled Rejection at Promise: [object Promise]
1647477442262 – Unhandled Rejection at Promise: [object Promise]
1647477442262 – Unhandled Rejection at Promise: [object Promise]
1647477442262 – Unhandled Rejection at Promise: [object Promise]
1647477442262 – Unhandled Rejection at Promise: [object Promise]
1647477442262 – Unhandled Rejection at Promise: [object Promise]
1647477442262 – Unhandled Rejection at Promise: [object Promise]
1647477442262 – Unhandled Rejection at Promise: [object Promise]
1647477442262 – Unhandled Rejection at Promise: [object Promise]
1647477442262 – Unhandled Rejection at Promise: [object Promise]
1647477442262 – Unhandled Rejection at Promise: [object Promise]
1647477442262 – Unhandled Rejection at Promise: [object Promise]
1647477442262 – Unhandled Rejection at Promise: [object Promise]
1647477442262 – Unhandled Rejection at Promise: [object Promise]
1647477442262 – Unhandled Rejection at Promise: [object Promise]
1647477442262 – Unhandled Rejection at Promise: [object Promise]
1647477442262 – Unhandled Rejection at Promise: [object Promise]
1647477442262 – Unhandled Rejection at Promise: [object Promise]
1647477442262 – Unhandled Rejection at Promise: [object Promise]
1647477442262 – Unhandled Rejection at Promise: [object Promise]
1647477442262 – Unhandled Rejection at Promise: [object Promise]
1647477442262 – Unhandled Rejection at Promise: [object Promise]
1647477442262 – Unhandled Rejection at Promise: [object Promise]
1647477442262 – Unhandled Rejection at Promise: [object Promise]
1647477442262 – Unhandled Rejection at Promise: [object Promise]
1647477442262 – Unhandled Rejection at Promise: [object Promise]
1647477442262 – Unhandled Rejection at Promise: [object Promise]
1647477442262 – Unhandled Rejection at Promise: [object Promise]
1647477442262 – Unhandled Rejection at Promise: [object Promise]
1647477442262 – Unhandled Rejection at Promise: [object Promise]
1647477442262 – Unhandled Rejection at Promise: [object Promise]
1647477442262 – Unhandled Rejection at Promise: [object Promise]
1647477442262 – Unhandled Rejection at Promise: [object Promise]
1647477442262 – Unhandled Rejection at Promise: [object Promise]
1647477442262 – Unhandled Rejection at Promise: [object Promise]
1647477442262 – Unhandled Rejection at Promise: [object Promise]
1647477442262 – Unhandled Rejection at Promise: [object Promise]
1647477442262 – Unhandled Rejection at Promise: [object Promise]
1647477442262 – Unhandled Rejection at Promise: [object Promise]
1647477442262 – Unhandled Rejection at Promise: [object Promise]
1647477442262 – Unhandled Rejection at Promise: [object Promise]
1647477442262 – Unhandled Rejection at Promise: [object Promise]
1647477442262 – Unhandled Rejection at Promise: [object Promise]
1647477442262 – Unhandled Rejection at Promise: [object Promise]
1647477442262 – Unhandled Rejection at Promise: [object Promise]
1647477442262 – Unhandled Rejection at Promise: [object Promise]
1647477442262 – Unhandled Rejection at Promise: [object Promise]
1647477442262 – Unhandled Rejection at Promise: [object Promise]
1647477442262 – Unhandled Rejection at Promise: [object Promise]
1647477442262 – Unhandled Rejection at Promise: [object Promise]
1647477442262 – Unhandled Rejection at Promise: [object Promise]
1647477442262 – Unhandled Rejection at Promise: [object Promise]
1647477442262 – Unhandled Rejection at Promise: [object Promise]
1647477442262 – Unhandled Rejection at Promise: [object Promise]
1647477442262 – Unhandled Rejection at Promise: [object Promise]
1647477442262 – Unhandled Rejection at Promise: [object Promise]
1647477442262 – Unhandled Rejection at Promise: [object Promise]
1647477442262 – Unhandled Rejection at Promise: [object Promise]
1647477442262 – Unhandled Rejection at Promise: [object Promise]
1647477442262 – Unhandled Rejection at Promise: [object Promise]
1647477442262 – Unhandled Rejection at Promise: [object Promise]
1647477442262 – Unhandled Rejection at Promise: [object Promise]
1647477442262 – Unhandled Rejection at Promise: [object Promise]
1647477442262 – Unhandled Rejection at Promise: [object Promise]
1647477442262 – Unhandled Rejection at Promise: [object Promise]
1647477442262 – Unhandled Rejection at Promise: [object Promise]
1647477442262 – Unhandled Rejection at Promise: [object Promise]
1647477442262 – Unhandled Rejection at Promise: [object Promise]
1647477442262 – Unhandled Rejection at Promise: [object Promise]
1647477442262 – Unhandled Rejection at Promise: [object Promise]
1647477442262 – Unhandled Rejection at Promise: [object Promise]
1647477442262 – Unhandled Rejection at Promise: [object Promise]
1647477442262 – Unhandled Rejection at Promise: [object Promise]
1647477442262 – Unhandled Rejection at Promise: [object Promise]
1647477442262 – Unhandled Rejection at Promise: [object Promise]
1647477442262 – Unhandled Rejection at Promise: [object Promise]
1647477442262 – Unhandled Rejection at Promise: [object Promise]
1647477442262 – Unhandled Rejection at Promise: [object Promise]
1647477442262 – Unhandled Rejection at Promise: [object Promise]
1647477442262 – Unhandled Rejection at Promise: [object Promise]
1647477442262 – Unhandled Rejection at Promise: [object Promise]
1647477442262 – Unhandled Rejection at Promise: [object Promise]
1647477442262 – Unhandled Rejection at Promise: [object Promise]
1647477442262 – Unhandled Rejection at Promise: [object Promise]
1647477442262 – Unhandled Rejection at Promise: [object Promise]
1647477442262 – Unhandled Rejection at Promise: [object Promise]
1647477442262 – Unhandled Rejection at Promise: [object Promise]
1647477442262 – Unhandled Rejection at Promise: [object Promise]
1647477442262 – Unhandled Rejection at Promise: [object Promise]
1647477442262 – Unhandled Rejection at Promise: [object Promise]
1647477442262 – Unhandled Rejection at Promise: [object Promise]
1647477442262 – Unhandled Rejection at Promise: [object Promise]
1647477442262 – Unhandled Rejection at Promise: [object Promise]
1647477442262 – Unhandled Rejection at Promise: [object Promise]
1647477442262 – Unhandled Rejection at Promise: [object Promise]
1647477442262 – Unhandled Rejection at Promise: [object Promise]
1647477442262 – Unhandled Rejection at Promise: [object Promise]
1647477442262 – Unhandled Rejection at Promise: [object Promise]
1647477442262 – Unhandled Rejection at Promise: [object Promise]
1647477442262 – Unhandled Rejection at Promise: [object Promise]
1647477442262 – Unhandled Rejection at Promise: [object Promise]
1647477442262 – Unhandled Rejection at Promise: [object Promise]
1647477442262 – Unhandled Rejection at Promise: [object Promise]
1647477442262 – Unhandled Rejection at Promise: [object Promise]
1647477442262 – Unhandled Rejection at Promise: [object Promise]
1647477442262 – Unhandled Rejection at Promise: [object Promise]
1647477442262 – Unhandled Rejection at Promise: [object Promise]
1647477442262 – Unhandled Rejection at Promise: [object Promise]
1647477442262 – Unhandled Rejection at Promise: [object Promise]
1647477442262 – Unhandled Rejection at Promise: [object Promise]
1647477442262 – Unhandled Rejection at Promise: [object Promise]
1647477442262 – Unhandled Rejection at Promise: [object Promise]
1647477442262 – Unhandled Rejection at Promise: [object Promise]
1647477442262 – Unhandled Rejection at Promise: [object Promise]
1647477442262 – Unhandled Rejection at Promise: [object Promise]
1647477442262 – Unhandled Rejection at Promise: [object Promise]
1647477442262 – Unhandled Rejection at Promise: [object Promise]
1647477442262 – Unhandled Rejection at Promise: [object Promise]
1647477442262 – Unhandled Rejection at Promise: [object Promise]
1647477442262 – Unhandled Rejection at Promise: [object Promise]
1647477442262 – Unhandled Rejection at Promise: [object Promise]
1647477442262 – Unhandled Rejection at Promise: [object Promise]
1647477442262 – Unhandled Rejection at Promise: [object Promise]
1647477442262 – Unhandled Rejection at Promise: [object Promise]
1647477442262 – Unhandled Rejection at Promise: [object Promise]
1647477442262 – Unhandled Rejection at Promise: [object Promise]
1647477442262 – Unhandled Rejection at Promise: [object Promise]
1647477442262 – Unhandled Rejection at Promise: [object Promise]
1647477442262 – Unhandled Rejection at Promise: [object Promise]
1647477442262 – Unhandled Rejection at Promise: [object Promise]
1647477442262 – Unhandled Rejection at Promise: [object Promise]
1647477442262 – Unhandled Rejection at Promise: [object Promise]
1647477442262 – Unhandled Rejection at Promise: [object Promise]
1647477442262 – Unhandled Rejection at Promise: [object Promise]
1647477442262 – Unhandled Rejection at Promise: [object Promise]
1647477442262 – Unhandled Rejection at Promise: [object Promise]
1647477442262 – Unhandled Rejection at Promise: [object Promise]
1647477442262 – Unhandled Rejection at Promise: [object Promise]
1647477442262 – Unhandled Rejection at Promise: [object Promise]
1647477442262 – Unhandled Rejection at Promise: [object Promise]
1647477442262 – Unhandled Rejection at Promise: [object Promise]
1647477442262 – Unhandled Rejection at Promise: [object Promise]
1647477442262 – Unhandled Rejection at Promise: [object Promise]
1647477442262 – Unhandled Rejection at Promise: [object Promise]
1647477442262 – Unhandled Rejection at Promise: [object Promise]
1647477442262 – Unhandled Rejection at Promise: [object Promise]
1647477442262 – Unhandled Rejection at Promise: [object Promise]
1647477442262 – Unhandled Rejection at Promise: [object Promise]
1647477442262 – Unhandled Rejection at Promise: [object Promise]
1647477442262 – Unhandled Rejection at Promise: [object Promise]
1647477442262 – Unhandled Rejection at Promise: [object Promise]
1647477442262 – Unhandled Rejection at Promise: [object Promise]
1647477442262 – Unhandled Rejection at Promise: [object Promise]
1647477442262 – Unhandled Rejection at Promise: [object Promise]
1647477442262 – Unhandled Rejection at Promise: [object Promise]
1647477442262 – Unhandled Rejection at Promise: [object Promise]
1647477442262 – Unhandled Rejection at Promise: [object Promise]
1647477442262 – Unhandled Rejection at Promise: [object Promise]
1647477442262 – Unhandled Rejection at Promise: [object Promise]
1647477442262 – Unhandled Rejection at Promise: [object Promise]
1647477442262 – Unhandled Rejection at Promise: [object Promise]
1647477442262 – Unhandled Rejection at Promise: [object Promise]
1647477442262 – Unhandled Rejection at Promise: [object Promise]
1647477442262 – Unhandled Rejection at Promise: [object Promise]
1647477442262 – Unhandled Rejection at Promise: [object Promise]
1647477442262 – Unhandled Rejection at Promise: [object Promise]
1647477442262 – Unhandled Rejection at Promise: [object Promise]
1647477442262 – Unhandled Rejection at Promise: [object Promise]
1647477442262 – Unhandled Rejection at Promise: [object Promise]
1647477442262 – Unhandled Rejection at Promise: [object Promise]
1647477442262 – Unhandled Rejection at Promise: [object Promise]
1647477442262 – Unhandled Rejection at Promise: [object Promise]
1647477442262 – Unhandled Rejection at Promise: [object Promise]
1647477442262 – Unhandled Rejection at Promise: [object Promise]
1647477442262 – Unhandled Rejection at Promise: [object Promise]
1647477442262 – Unhandled Rejection at Promise: [object Promise]
1647477442262 – Unhandled Rejection at Promise: [object Promise]
1647477442262 – Unhandled Rejection at Promise: [object Promise]
1647477442262 – Unhandled Rejection at Promise: [object Promise]
1647477442262 – Unhandled Rejection at Promise: [object Promise]
1647477442262 – Unhandled Rejection at Promise: [object Promise]
1647477442262 – Unhandled Rejection at Promise: [object Promise]
1647477442262 – Unhandled Rejection at Promise: [object Promise]
1647477442262 – Unhandled Rejection at Promise: [object Promise]
1647477442262 – Unhandled Rejection at Promise: [object Promise]
1647477442262 – Unhandled Rejection at Promise: [object Promise]
1647477442262 – Unhandled Rejection at Promise: [object Promise]
1647477442262 – Unhandled Rejection at Promise: [object Promise]
1647477442262 – Unhandled Rejection at Promise: [object Promise]
1647477442262 – Unhandled Rejection at Promise: [object Promise]
1647477442262 – Unhandled Rejection at Promise: [object Promise]
1647477442262 – Unhandled Rejection at Promise: [object Promise]
1647477442262 – Unhandled Rejection at Promise: [object Promise]
1647477442262 – Unhandled Rejection at Promise: [object Promise]
1647477442262 – Unhandled Rejection at Promise: [object Promise]
1647477442262 – Unhandled Rejection at Promise: [object Promise]
1647477442262 – Unhandled Rejection at Promise: [object Promise]
1647477442262 – Unhandled Rejection at Promise: [object Promise]
1647477442262 – Unhandled Rejection at Promise: [object Promise]
1647477442262 – Unhandled Rejection at Promise: [object Promise]
1647477442262 – Unhandled Rejection at Promise: [object Promise]
1647477442262 – Unhandled Rejection at Promise: [object Promise]
1647477442262 – Unhandled Rejection at Promise: [object Promise]
1647477442262 – Unhandled Rejection at Promise: [object Promise]
1647477442262 – Unhandled Rejection at Promise: [object Promise]
1647477442262 – Unhandled Rejection at Promise: [object Promise]
1647477442262 – Unhandled Rejection at Promise: [object Promise]
1647477442262 – Unhandled Rejection at Promise: [object Promise]
1647477442262 – Unhandled Rejection at Promise: [object Promise]
1647477442262 – Unhandled Rejection at Promise: [object Promise]
1647477442262 – Unhandled Rejection at Promise: [object Promise]
1647477442262 – Unhandled Rejection at Promise: [object Promise]
1647477442262 – Unhandled Rejection at Promise: [object Promise]
1647477442262 – Unhandled Rejection at Promise: [object Promise]
1647477442262 – Unhandled Rejection at Promise: [object Promise]
1647477442262 – Unhandled Rejection at Promise: [object Promise]
1647477442262 – Unhandled Rejection at Promise: [object Promise]
1647477442262 – Unhandled Rejection at Promise: [object Promise]
1647477442262 – Unhandled Rejection at Promise: [object Promise]
1647477442262 – Unhandled Rejection at Promise: [object Promise]
1647477442262 – Unhandled Rejection at Promise: [object Promise]
1647477442262 – Unhandled Rejection at Promise: [object Promise]
1647477442262 – Unhandled Rejection at Promise: [object Promise]
1647477442262 – Unhandled Rejection at Promise: [object Promise]
1647477442262 – Unhandled Rejection at Promise: [object Promise]
1647477442262 – Unhandled Rejection at Promise: [object Promise]
1647477442262 – Unhandled Rejection at Promise: [object Promise]
1647477442262 – Unhandled Rejection at Promise: [object Promise]
1647477442262 – Unhandled Rejection at Promise: [object Promise]
1647477442262 – Unhandled Rejection at Promise: [object Promise]
1647477442262 – Unhandled Rejection at Promise: [object Promise]
1647477442262 – Unhandled Rejection at Promise: [object Promise]
1647477442262 – Unhandled Rejection at Promise: [object Promise]
1647477442262 – Unhandled Rejection at Promise: [object Promise]
1647477442262 – Unhandled Rejection at Promise: [object Promise]
1647477442262 – Unhandled Rejection at Promise: [object Promise]
1647477442262 – Unhandled Rejection at Promise: [object Promise]
1647477442262 – Unhandled Rejection at Promise: [object Promise]
1647477442262 – Unhandled Rejection at Promise: [object Promise]
1647477442262 – Unhandled Rejection at Promise: [object Promise]
1647477442262 – Unhandled Rejection at Promise: [object Promise]
1647477442262 – Unhandled Rejection at Promise: [object Promise]
1647477442262 – Unhandled Rejection at Promise: [object Promise]
1647477442262 – Unhandled Rejection at Promise: [object Promise]
1647477442262 – Unhandled Rejection at Promise: [object Promise]
1647477442262 – Unhandled Rejection at Promise: [object Promise]
1647477442262 – Unhandled Rejection at Promise: [object Promise]
1647477442262 – Unhandled Rejection at Promise: [object Promise]
1647477442262 – Unhandled Rejection at Promise: [object Promise]
1647477442262 – Unhandled Rejection at Promise: [object Promise]
1647477442262 – Unhandled Rejection at Promise: [object Promise]
1647477442262 – Unhandled Rejection at Promise: [object Promise]
1647477442262 – Unhandled Rejection at Promise: [object Promise]
1647477442262 – Unhandled Rejection at Promise: [object Promise]
1647539336749 – Caught exception: Error: listen EADDRINUSE: address already in use :::8084
1647539977690 – Unhandled Rejection at Promise: [object Promise]
1647541130680 – Unhandled Rejection at Promise: [object Promise]
1647541409868 – Unhandled Rejection at Promise: [object Promise]
1647542073629 – Unhandled Rejection at Promise: [object Promise]
1647543064731 – Unhandled Rejection at Promise: [object Promise]
1647543064731 – Unhandled Rejection at Promise: [object Promise]
1647543064731 – Unhandled Rejection at Promise: [object Promise]
1647543064731 – Unhandled Rejection at Promise: [object Promise]
1647543064731 – Unhandled Rejection at Promise: [object Promise]
1647543064731 – Unhandled Rejection at Promise: [object Promise]
1647543064731 – Unhandled Rejection at Promise: [object Promise]
1647543064731 – Unhandled Rejection at Promise: [object Promise]
1647543064731 – Unhandled Rejection at Promise: [object Promise]
1647543064731 – Unhandled Rejection at Promise: [object Promise]
1647543064731 – Unhandled Rejection at Promise: [object Promise]
1647543064731 – Unhandled Rejection at Promise: [object Promise]
1647543064731 – Unhandled Rejection at Promise: [object Promise]
1647543064731 – Unhandled Rejection at Promise: [object Promise]
1647543064731 – Unhandled Rejection at Promise: [object Promise]
1647543064731 – Unhandled Rejection at Promise: [object Promise]
1647543064731 – Unhandled Rejection at Promise: [object Promise]
1647543064731 – Unhandled Rejection at Promise: [object Promise]
1647543064731 – Unhandled Rejection at Promise: [object Promise]
1647543064731 – Unhandled Rejection at Promise: [object Promise]
1647543064731 – Unhandled Rejection at Promise: [object Promise]
1647543064731 – Unhandled Rejection at Promise: [object Promise]
1647543064731 – Unhandled Rejection at Promise: [object Promise]
1647543064731 – Unhandled Rejection at Promise: [object Promise]
1647543064731 – Unhandled Rejection at Promise: [object Promise]
1647543064731 – Unhandled Rejection at Promise: [object Promise]
1647543064731 – Unhandled Rejection at Promise: [object Promise]
1647543064731 – Unhandled Rejection at Promise: [object Promise]
1647543064731 – Unhandled Rejection at Promise: [object Promise]
1647543064731 – Unhandled Rejection at Promise: [object Promise]
1647543064731 – Unhandled Rejection at Promise: [object Promise]
1647543064731 – Unhandled Rejection at Promise: [object Promise]
1647543064731 – Unhandled Rejection at Promise: [object Promise]
1647543064731 – Unhandled Rejection at Promise: [object Promise]
1647543064731 – Unhandled Rejection at Promise: [object Promise]
1647543064731 – Unhandled Rejection at Promise: [object Promise]
1647543064731 – Unhandled Rejection at Promise: [object Promise]
1647543064731 – Unhandled Rejection at Promise: [object Promise]
1647543064731 – Unhandled Rejection at Promise: [object Promise]
1647543064731 – Unhandled Rejection at Promise: [object Promise]
1647543064731 – Unhandled Rejection at Promise: [object Promise]
1647543064731 – Unhandled Rejection at Promise: [object Promise]
1647543064731 – Unhandled Rejection at Promise: [object Promise]
1647543064731 – Unhandled Rejection at Promise: [object Promise]
1647543064731 – Unhandled Rejection at Promise: [object Promise]
1647543064731 – Unhandled Rejection at Promise: [object Promise]
1647543064731 – Unhandled Rejection at Promise: [object Promise]
1647543064731 – Unhandled Rejection at Promise: [object Promise]
1647543064731 – Unhandled Rejection at Promise: [object Promise]
1647543064731 – Unhandled Rejection at Promise: [object Promise]
1647543064731 – Unhandled Rejection at Promise: [object Promise]
1647543064731 – Unhandled Rejection at Promise: [object Promise]
1647543064731 – Unhandled Rejection at Promise: [object Promise]
1647543064731 – Unhandled Rejection at Promise: [object Promise]
1647543064731 – Unhandled Rejection at Promise: [object Promise]
1647543064731 – Unhandled Rejection at Promise: [object Promise]
1647543064731 – Unhandled Rejection at Promise: [object Promise]
1647543064731 – Unhandled Rejection at Promise: [object Promise]
1647543064731 – Unhandled Rejection at Promise: [object Promise]
1647543064731 – Unhandled Rejection at Promise: [object Promise]
1647543064731 – Unhandled Rejection at Promise: [object Promise]
1647543064731 – Unhandled Rejection at Promise: [object Promise]
1647543064731 – Unhandled Rejection at Promise: [object Promise]
1647543064731 – Unhandled Rejection at Promise: [object Promise]
1647543064731 – Unhandled Rejection at Promise: [object Promise]
1647543064731 – Unhandled Rejection at Promise: [object Promise]
1647543064731 – Unhandled Rejection at Promise: [object Promise]
1647543064731 – Unhandled Rejection at Promise: [object Promise]
1647543064731 – Unhandled Rejection at Promise: [object Promise]
1647543064731 – Unhandled Rejection at Promise: [object Promise]
1647543064731 – Unhandled Rejection at Promise: [object Promise]
1647543064731 – Unhandled Rejection at Promise: [object Promise]
1647543064731 – Unhandled Rejection at Promise: [object Promise]
1647543064731 – Unhandled Rejection at Promise: [object Promise]
1647543064731 – Unhandled Rejection at Promise: [object Promise]
1647543064731 – Unhandled Rejection at Promise: [object Promise]
1647543064731 – Unhandled Rejection at Promise: [object Promise]
1647543064731 – Unhandled Rejection at Promise: [object Promise]
1647543064731 – Unhandled Rejection at Promise: [object Promise]
1647543064731 – Unhandled Rejection at Promise: [object Promise]
1647543064731 – Unhandled Rejection at Promise: [object Promise]
1647543064731 – Unhandled Rejection at Promise: [object Promise]
1647543064731 – Unhandled Rejection at Promise: [object Promise]
1647543064731 – Unhandled Rejection at Promise: [object Promise]
1647543064731 – Unhandled Rejection at Promise: [object Promise]
1647543064731 – Unhandled Rejection at Promise: [object Promise]
1647543064731 – Unhandled Rejection at Promise: [object Promise]
1647543064731 – Unhandled Rejection at Promise: [object Promise]
1647543064731 – Unhandled Rejection at Promise: [object Promise]
1647543064731 – Unhandled Rejection at Promise: [object Promise]
1647543064731 – Unhandled Rejection at Promise: [object Promise]
1647543064731 – Unhandled Rejection at Promise: [object Promise]
1647543064731 – Unhandled Rejection at Promise: [object Promise]
1647543064731 – Unhandled Rejection at Promise: [object Promise]
1647543064731 – Unhandled Rejection at Promise: [object Promise]
1647543064731 – Unhandled Rejection at Promise: [object Promise]
1647543064731 – Unhandled Rejection at Promise: [object Promise]
1647543064731 – Unhandled Rejection at Promise: [object Promise]
1647543064731 – Unhandled Rejection at Promise: [object Promise]
1647543064731 – Unhandled Rejection at Promise: [object Promise]
1647543064731 – Unhandled Rejection at Promise: [object Promise]
1647543064731 – Unhandled Rejection at Promise: [object Promise]
1647543064731 – Unhandled Rejection at Promise: [object Promise]
1647543064731 – Unhandled Rejection at Promise: [object Promise]
1647543064731 – Unhandled Rejection at Promise: [object Promise]
1647543064731 – Unhandled Rejection at Promise: [object Promise]
1647543064731 – Unhandled Rejection at Promise: [object Promise]
1647543064731 – Unhandled Rejection at Promise: [object Promise]
1647543064731 – Unhandled Rejection at Promise: [object Promise]
1647543064731 – Unhandled Rejection at Promise: [object Promise]
1647543064731 – Unhandled Rejection at Promise: [object Promise]
1647589445568 – Unhandled Rejection at Promise: [object Promise]
1647589445568 – Unhandled Rejection at Promise: [object Promise]
1647589445568 – Unhandled Rejection at Promise: [object Promise]
1647589445568 – Unhandled Rejection at Promise: [object Promise]
1647589445568 – Unhandled Rejection at Promise: [object Promise]
1647589445568 – Unhandled Rejection at Promise: [object Promise]
1647589445568 – Unhandled Rejection at Promise: [object Promise]
1647589445568 – Unhandled Rejection at Promise: [object Promise]
1647589445568 – Unhandled Rejection at Promise: [object Promise]
1647589445568 – Unhandled Rejection at Promise: [object Promise]
